{"level":"info","message":"Global middleware: User 6831abc04aa0208fbaae083c authenticated via token","service":"soillink-app","timestamp":"2025-05-24T15:14:49.274Z"}
{"level":"info","message":"Global middleware: User 6831abc04aa0208fbaae083c authenticated via token","service":"soillink-app","timestamp":"2025-05-24T15:14:51.274Z"}
{"level":"info","message":"Global middleware: User 6831abc04aa0208fbaae083c authenticated via token","service":"soillink-app","timestamp":"2025-05-24T15:15:59.391Z"}
{"level":"warn","message":"MongoDB disconnected","service":"soillink-app","timestamp":"2025-05-24T15:17:34.520Z"}
{"level":"info","message":"Server running on http://localhost:3000","service":"soillink-app","timestamp":"2025-05-25T08:54:24.465Z"}
{"level":"info","message":"MongoDB connected successfully","service":"soillink-app","timestamp":"2025-05-25T08:54:25.218Z"}
{"level":"info","message":"Global middleware: User 6831abc04aa0208fbaae083c authenticated via token","service":"soillink-app","timestamp":"2025-05-25T08:55:06.126Z"}
{"level":"info","message":"Global middleware: User 6831abc04aa0208fbaae083c authenticated via token","service":"soillink-app","timestamp":"2025-05-25T08:55:06.205Z"}
{"level":"info","message":"Global middleware: User 6831abc04aa0208fbaae083c authenticated via token","service":"soillink-app","timestamp":"2025-05-25T08:55:06.719Z"}
{"level":"info","message":"Global middleware: User 6831abc04aa0208fbaae083c authenticated via token","service":"soillink-app","timestamp":"2025-05-25T08:55:06.722Z"}
{"level":"info","message":"Global middleware: User 6831abc04aa0208fbaae083c authenticated via token","service":"soillink-app","timestamp":"2025-05-25T08:55:06.741Z"}
{"level":"info","message":"Global middleware: User 6831abc04aa0208fbaae083c authenticated via token","service":"soillink-app","timestamp":"2025-05-25T08:55:06.744Z"}
{"level":"info","message":"Global middleware: User 6831abc04aa0208fbaae083c authenticated via token","service":"soillink-app","timestamp":"2025-05-25T08:55:06.748Z"}
{"level":"info","message":"Global middleware: User 6831abc04aa0208fbaae083c authenticated via token","service":"soillink-app","timestamp":"2025-05-25T08:55:06.765Z"}
{"level":"info","message":"Global middleware: User 6831abc04aa0208fbaae083c authenticated via token","service":"soillink-app","timestamp":"2025-05-25T08:55:06.771Z"}
{"level":"info","message":"Global middleware: User 6831abc04aa0208fbaae083c authenticated via token","service":"soillink-app","timestamp":"2025-05-25T08:55:06.796Z"}
{"level":"info","message":"Global middleware: User 6831abc04aa0208fbaae083c authenticated via token","service":"soillink-app","timestamp":"2025-05-25T08:55:06.800Z"}
{"level":"info","message":"Global middleware: User 6831abc04aa0208fbaae083c authenticated via token","service":"soillink-app","timestamp":"2025-05-25T08:55:06.805Z"}
{"level":"info","message":"Global middleware: User 6831abc04aa0208fbaae083c authenticated via token","service":"soillink-app","timestamp":"2025-05-25T08:55:06.833Z"}
{"level":"info","message":"Global middleware: User 6831abc04aa0208fbaae083c authenticated via token","service":"soillink-app","timestamp":"2025-05-25T08:55:06.837Z"}
{"level":"info","message":"Global middleware: User 6831abc04aa0208fbaae083c authenticated via token","service":"soillink-app","timestamp":"2025-05-25T08:55:06.840Z"}
{"level":"info","message":"Global middleware: User 6831abc04aa0208fbaae083c authenticated via token","service":"soillink-app","timestamp":"2025-05-25T08:55:06.858Z"}
{"level":"info","message":"Global middleware: User 6831abc04aa0208fbaae083c authenticated via token","service":"soillink-app","timestamp":"2025-05-25T08:55:06.875Z"}
{"level":"info","message":"Global middleware: User 6831abc04aa0208fbaae083c authenticated via token","service":"soillink-app","timestamp":"2025-05-25T08:55:06.894Z"}
{"level":"info","message":"Global middleware: User 6831abc04aa0208fbaae083c authenticated via token","service":"soillink-app","timestamp":"2025-05-25T08:55:06.898Z"}
{"level":"info","message":"Global middleware: User 6831abc04aa0208fbaae083c authenticated via token","service":"soillink-app","timestamp":"2025-05-25T08:55:06.904Z"}
{"level":"info","message":"Global middleware: User 6831abc04aa0208fbaae083c authenticated via token","service":"soillink-app","timestamp":"2025-05-25T08:55:06.923Z"}
{"level":"info","message":"Global middleware: User 6831abc04aa0208fbaae083c authenticated via token","service":"soillink-app","timestamp":"2025-05-25T08:55:06.927Z"}
{"level":"info","message":"Global middleware: User 6831abc04aa0208fbaae083c authenticated via token","service":"soillink-app","timestamp":"2025-05-25T08:55:06.930Z"}
{"level":"info","message":"Global middleware: User 6831abc04aa0208fbaae083c authenticated via token","service":"soillink-app","timestamp":"2025-05-25T08:55:06.963Z"}
{"level":"info","message":"Global middleware: User 6831abc04aa0208fbaae083c authenticated via token","service":"soillink-app","timestamp":"2025-05-25T08:55:12.911Z"}
{"level":"info","message":"Global middleware: User 6831abc04aa0208fbaae083c authenticated via token","service":"soillink-app","timestamp":"2025-05-25T08:55:12.916Z"}
{"level":"info","message":"Global middleware: User 6831abc04aa0208fbaae083c authenticated via token","service":"soillink-app","timestamp":"2025-05-25T08:55:12.973Z"}
{"level":"info","message":"Global middleware: User 6831abc04aa0208fbaae083c authenticated via token","service":"soillink-app","timestamp":"2025-05-25T08:55:12.988Z"}
{"level":"info","message":"Global middleware: User 6831abc04aa0208fbaae083c authenticated via token","service":"soillink-app","timestamp":"2025-05-25T08:55:12.997Z"}
{"level":"info","message":"Global middleware: User 6831abc04aa0208fbaae083c authenticated via token","service":"soillink-app","timestamp":"2025-05-25T08:55:14.825Z"}
{"level":"info","message":"Global middleware: User 6831abc04aa0208fbaae083c authenticated via token","service":"soillink-app","timestamp":"2025-05-25T08:57:28.600Z"}
{"level":"info","message":"Global middleware: User 6831abc04aa0208fbaae083c authenticated via token","service":"soillink-app","timestamp":"2025-05-25T08:57:28.603Z"}
{"level":"info","message":"Global middleware: User 6831abc04aa0208fbaae083c authenticated via token","service":"soillink-app","timestamp":"2025-05-25T08:57:28.626Z"}
{"level":"info","message":"Global middleware: User 6831abc04aa0208fbaae083c authenticated via token","service":"soillink-app","timestamp":"2025-05-25T08:57:28.630Z"}
{"level":"info","message":"Global middleware: User 6831abc04aa0208fbaae083c authenticated via token","service":"soillink-app","timestamp":"2025-05-25T08:57:28.666Z"}
{"level":"info","message":"Global middleware: User 6831abc04aa0208fbaae083c authenticated via token","service":"soillink-app","timestamp":"2025-05-25T08:57:30.470Z"}
{"level":"info","message":"Global middleware: User 6831abc04aa0208fbaae083c authenticated via token","service":"soillink-app","timestamp":"2025-05-25T08:57:47.880Z"}
{"level":"info","message":"Global middleware: User 6831abc04aa0208fbaae083c authenticated via token","service":"soillink-app","timestamp":"2025-05-25T08:57:47.886Z"}
{"level":"info","message":"Global middleware: User 6831abc04aa0208fbaae083c authenticated via token","service":"soillink-app","timestamp":"2025-05-25T08:57:47.934Z"}
{"level":"info","message":"Global middleware: User 6831abc04aa0208fbaae083c authenticated via token","service":"soillink-app","timestamp":"2025-05-25T08:57:47.937Z"}
{"level":"info","message":"Global middleware: User 6831abc04aa0208fbaae083c authenticated via token","service":"soillink-app","timestamp":"2025-05-25T08:57:47.940Z"}
{"level":"info","message":"Global middleware: User 6831abc04aa0208fbaae083c authenticated via token","service":"soillink-app","timestamp":"2025-05-25T08:57:49.736Z"}
{"level":"info","message":"Global middleware: User 6831abc04aa0208fbaae083c authenticated via token","service":"soillink-app","timestamp":"2025-05-25T08:57:55.025Z"}
{"level":"info","message":"Global middleware: User 6831abc04aa0208fbaae083c authenticated via token","service":"soillink-app","timestamp":"2025-05-25T08:58:05.662Z"}
{"level":"info","message":"Global middleware: User 6831abc04aa0208fbaae083c authenticated via token","service":"soillink-app","timestamp":"2025-05-25T08:58:05.665Z"}
{"level":"info","message":"Global middleware: User 6831abc04aa0208fbaae083c authenticated via token","service":"soillink-app","timestamp":"2025-05-25T08:58:05.698Z"}
{"level":"info","message":"Global middleware: User 6831abc04aa0208fbaae083c authenticated via token","service":"soillink-app","timestamp":"2025-05-25T08:58:05.713Z"}
{"level":"info","message":"Global middleware: User 6831abc04aa0208fbaae083c authenticated via token","service":"soillink-app","timestamp":"2025-05-25T08:58:05.726Z"}
{"level":"info","message":"Global middleware: User 6831abc04aa0208fbaae083c authenticated via token","service":"soillink-app","timestamp":"2025-05-25T08:58:07.523Z"}
{"level":"info","message":"Global middleware: User 6831abc04aa0208fbaae083c authenticated via token","service":"soillink-app","timestamp":"2025-05-25T08:58:20.957Z"}
{"level":"info","message":"Global middleware: User 6831abc04aa0208fbaae083c authenticated via token","service":"soillink-app","timestamp":"2025-05-25T08:58:20.961Z"}
{"level":"info","message":"Global middleware: User 6831abc04aa0208fbaae083c authenticated via token","service":"soillink-app","timestamp":"2025-05-25T08:58:21.174Z"}
{"level":"info","message":"Global middleware: User 6831abc04aa0208fbaae083c authenticated via token","service":"soillink-app","timestamp":"2025-05-25T08:58:21.178Z"}
{"level":"info","message":"Global middleware: User 6831abc04aa0208fbaae083c authenticated via token","service":"soillink-app","timestamp":"2025-05-25T08:58:21.181Z"}
{"level":"info","message":"Global middleware: User 6831abc04aa0208fbaae083c authenticated via token","service":"soillink-app","timestamp":"2025-05-25T08:58:22.907Z"}
{"level":"warn","message":"MongoDB disconnected","service":"soillink-app","timestamp":"2025-05-25T09:05:04.163Z"}
{"level":"info","message":"Server running on http://localhost:3000","service":"soillink-app","timestamp":"2025-05-25T09:05:50.570Z"}
{"level":"info","message":"MongoDB connected successfully","service":"soillink-app","timestamp":"2025-05-25T09:05:51.084Z"}
{"level":"warn","message":"MongoDB disconnected","service":"soillink-app","timestamp":"2025-05-25T09:14:10.663Z"}
{"level":"info","message":"Server running on http://localhost:3000","service":"soillink-app","timestamp":"2025-05-25T10:37:08.790Z"}
{"level":"info","message":"MongoDB connected successfully","service":"soillink-app","timestamp":"2025-05-25T10:37:09.281Z"}
{"level":"info","message":"Global middleware: User 6831abc04aa0208fbaae083c authenticated via token","service":"soillink-app","timestamp":"2025-05-25T10:37:27.454Z"}
{"level":"info","message":"User 6831abc04aa0208fbaae083c authenticated via token","service":"soillink-app","timestamp":"2025-05-25T10:37:27.461Z"}
{"level":"info","message":"Global middleware: User 6831abc04aa0208fbaae083c authenticated via token","service":"soillink-app","timestamp":"2025-05-25T10:37:29.848Z"}
{"level":"info","message":"Global middleware: User 6831abc04aa0208fbaae083c authenticated via token","service":"soillink-app","timestamp":"2025-05-25T10:37:30.559Z"}
{"level":"info","message":"Global middleware: User 6831abc04aa0208fbaae083c authenticated via token","service":"soillink-app","timestamp":"2025-05-25T10:37:30.635Z"}
{"level":"info","message":"Global middleware: User 6831abc04aa0208fbaae083c authenticated via token","service":"soillink-app","timestamp":"2025-05-25T10:37:30.638Z"}
{"level":"info","message":"Global middleware: User 6831abc04aa0208fbaae083c authenticated via token","service":"soillink-app","timestamp":"2025-05-25T10:37:30.669Z"}
{"level":"info","message":"Global middleware: User 6831abc04aa0208fbaae083c authenticated via token","service":"soillink-app","timestamp":"2025-05-25T10:37:30.675Z"}
{"level":"info","message":"Global middleware: User 6831abc04aa0208fbaae083c authenticated via token","service":"soillink-app","timestamp":"2025-05-25T10:37:30.679Z"}
{"level":"info","message":"Global middleware: User 6831abc04aa0208fbaae083c authenticated via token","service":"soillink-app","timestamp":"2025-05-25T10:37:32.524Z"}
{"level":"info","message":"Global middleware: User 6831abc04aa0208fbaae083c authenticated via token","service":"soillink-app","timestamp":"2025-05-25T10:37:33.878Z"}
{"level":"info","message":"Global middleware: User 6831abc04aa0208fbaae083c authenticated via token","service":"soillink-app","timestamp":"2025-05-25T10:37:33.895Z"}
{"level":"info","message":"Global middleware: User 6831abc04aa0208fbaae083c authenticated via token","service":"soillink-app","timestamp":"2025-05-25T10:37:33.901Z"}
{"level":"info","message":"Global middleware: User 6831abc04aa0208fbaae083c authenticated via token","service":"soillink-app","timestamp":"2025-05-25T10:37:33.905Z"}
{"level":"info","message":"Global middleware: User 6831abc04aa0208fbaae083c authenticated via token","service":"soillink-app","timestamp":"2025-05-25T10:37:35.750Z"}
{"level":"info","message":"Global middleware: User 6831abc04aa0208fbaae083c authenticated via token","service":"soillink-app","timestamp":"2025-05-25T10:37:37.623Z"}
{"level":"info","message":"Global middleware: User 6831abc04aa0208fbaae083c authenticated via token","service":"soillink-app","timestamp":"2025-05-25T10:37:45.061Z"}
{"level":"info","message":"Global middleware: User 6831abc04aa0208fbaae083c authenticated via token","service":"soillink-app","timestamp":"2025-05-25T10:37:45.178Z"}
{"level":"info","message":"Global middleware: User 6831abc04aa0208fbaae083c authenticated via token","service":"soillink-app","timestamp":"2025-05-25T10:37:45.290Z"}
{"level":"info","message":"Global middleware: User 6831abc04aa0208fbaae083c authenticated via token","service":"soillink-app","timestamp":"2025-05-25T10:37:45.313Z"}
{"level":"info","message":"Global middleware: User 6831abc04aa0208fbaae083c authenticated via token","service":"soillink-app","timestamp":"2025-05-25T10:37:45.318Z"}
{"level":"info","message":"Global middleware: User 6831abc04aa0208fbaae083c authenticated via token","service":"soillink-app","timestamp":"2025-05-25T10:37:45.323Z"}
{"level":"info","message":"Global middleware: User 6831abc04aa0208fbaae083c authenticated via token","service":"soillink-app","timestamp":"2025-05-25T10:37:45.331Z"}
{"level":"info","message":"Global middleware: User 6831abc04aa0208fbaae083c authenticated via token","service":"soillink-app","timestamp":"2025-05-25T10:37:45.368Z"}
{"level":"info","message":"Global middleware: User 6831abc04aa0208fbaae083c authenticated via token","service":"soillink-app","timestamp":"2025-05-25T10:37:45.415Z"}
{"level":"info","message":"Global middleware: User 6831abc04aa0208fbaae083c authenticated via token","service":"soillink-app","timestamp":"2025-05-25T10:37:45.425Z"}
{"level":"info","message":"Global middleware: User 6831abc04aa0208fbaae083c authenticated via token","service":"soillink-app","timestamp":"2025-05-25T10:37:45.429Z"}
{"level":"info","message":"Global middleware: User 6831abc04aa0208fbaae083c authenticated via token","service":"soillink-app","timestamp":"2025-05-25T10:37:45.432Z"}
{"level":"info","message":"Global middleware: User 6831abc04aa0208fbaae083c authenticated via token","service":"soillink-app","timestamp":"2025-05-25T10:37:45.442Z"}
{"level":"info","message":"Global middleware: User 6831abc04aa0208fbaae083c authenticated via token","service":"soillink-app","timestamp":"2025-05-25T10:37:45.446Z"}
{"level":"info","message":"Global middleware: User 6831abc04aa0208fbaae083c authenticated via token","service":"soillink-app","timestamp":"2025-05-25T10:37:45.452Z"}
{"level":"info","message":"Global middleware: User 6831abc04aa0208fbaae083c authenticated via token","service":"soillink-app","timestamp":"2025-05-25T10:37:45.457Z"}
{"level":"info","message":"Global middleware: User 6831abc04aa0208fbaae083c authenticated via token","service":"soillink-app","timestamp":"2025-05-25T10:37:46.006Z"}
{"level":"info","message":"Global middleware: User 6831abc04aa0208fbaae083c authenticated via token","service":"soillink-app","timestamp":"2025-05-25T10:37:46.025Z"}
{"level":"info","message":"Global middleware: User 6831abc04aa0208fbaae083c authenticated via token","service":"soillink-app","timestamp":"2025-05-25T10:37:46.142Z"}
{"level":"info","message":"Global middleware: User 6831abc04aa0208fbaae083c authenticated via token","service":"soillink-app","timestamp":"2025-05-25T10:37:46.146Z"}
{"level":"info","message":"Global middleware: User 6831abc04aa0208fbaae083c authenticated via token","service":"soillink-app","timestamp":"2025-05-25T10:37:46.156Z"}
{"level":"info","message":"Global middleware: User 6831abc04aa0208fbaae083c authenticated via token","service":"soillink-app","timestamp":"2025-05-25T10:37:46.159Z"}
{"level":"info","message":"Global middleware: User 6831abc04aa0208fbaae083c authenticated via token","service":"soillink-app","timestamp":"2025-05-25T10:37:46.165Z"}
{"level":"info","message":"Global middleware: User 6831abc04aa0208fbaae083c authenticated via token","service":"soillink-app","timestamp":"2025-05-25T10:37:46.170Z"}
{"level":"info","message":"Global middleware: User 6831abc04aa0208fbaae083c authenticated via token","service":"soillink-app","timestamp":"2025-05-25T10:37:46.174Z"}
{"level":"info","message":"Global middleware: User 6831abc04aa0208fbaae083c authenticated via token","service":"soillink-app","timestamp":"2025-05-25T10:37:46.177Z"}
{"level":"info","message":"Global middleware: User 6831abc04aa0208fbaae083c authenticated via token","service":"soillink-app","timestamp":"2025-05-25T10:37:47.808Z"}
{"level":"info","message":"Global middleware: User 6831abc04aa0208fbaae083c authenticated via token","service":"soillink-app","timestamp":"2025-05-25T10:42:56.332Z"}
{"level":"info","message":"Global middleware: User 6831abc04aa0208fbaae083c authenticated via token","service":"soillink-app","timestamp":"2025-05-25T10:42:56.340Z"}
{"level":"info","message":"Global middleware: User 6831abc04aa0208fbaae083c authenticated via token","service":"soillink-app","timestamp":"2025-05-25T10:42:56.373Z"}
{"level":"info","message":"Global middleware: User 6831abc04aa0208fbaae083c authenticated via token","service":"soillink-app","timestamp":"2025-05-25T10:42:56.376Z"}
{"level":"info","message":"Global middleware: User 6831abc04aa0208fbaae083c authenticated via token","service":"soillink-app","timestamp":"2025-05-25T10:42:56.467Z"}
{"level":"info","message":"Global middleware: User 6831abc04aa0208fbaae083c authenticated via token","service":"soillink-app","timestamp":"2025-05-25T10:42:59.014Z"}
{"level":"info","message":"Global middleware: User 6831abc04aa0208fbaae083c authenticated via token","service":"soillink-app","timestamp":"2025-05-25T10:43:04.348Z"}
{"level":"info","message":"Global middleware: User 6831abc04aa0208fbaae083c authenticated via token","service":"soillink-app","timestamp":"2025-05-25T10:43:04.705Z"}
{"level":"info","message":"Global middleware: User 6831abc04aa0208fbaae083c authenticated via token","service":"soillink-app","timestamp":"2025-05-25T10:43:04.741Z"}
{"level":"info","message":"Global middleware: User 6831abc04aa0208fbaae083c authenticated via token","service":"soillink-app","timestamp":"2025-05-25T10:43:04.768Z"}
{"level":"info","message":"Global middleware: User 6831abc04aa0208fbaae083c authenticated via token","service":"soillink-app","timestamp":"2025-05-25T10:43:04.785Z"}
{"level":"info","message":"Global middleware: User 6831abc04aa0208fbaae083c authenticated via token","service":"soillink-app","timestamp":"2025-05-25T10:43:04.800Z"}
{"level":"info","message":"Global middleware: User 6831abc04aa0208fbaae083c authenticated via token","service":"soillink-app","timestamp":"2025-05-25T10:43:04.815Z"}
{"level":"info","message":"Global middleware: User 6831abc04aa0208fbaae083c authenticated via token","service":"soillink-app","timestamp":"2025-05-25T10:43:04.862Z"}
{"level":"info","message":"Global middleware: User 6831abc04aa0208fbaae083c authenticated via token","service":"soillink-app","timestamp":"2025-05-25T10:43:04.911Z"}
{"level":"info","message":"Global middleware: User 6831abc04aa0208fbaae083c authenticated via token","service":"soillink-app","timestamp":"2025-05-25T10:43:04.915Z"}
{"level":"info","message":"Global middleware: User 6831abc04aa0208fbaae083c authenticated via token","service":"soillink-app","timestamp":"2025-05-25T10:43:04.932Z"}
{"level":"info","message":"Global middleware: User 6831abc04aa0208fbaae083c authenticated via token","service":"soillink-app","timestamp":"2025-05-25T10:43:04.936Z"}
{"level":"info","message":"Global middleware: User 6831abc04aa0208fbaae083c authenticated via token","service":"soillink-app","timestamp":"2025-05-25T10:43:04.941Z"}
{"level":"info","message":"Global middleware: User 6831abc04aa0208fbaae083c authenticated via token","service":"soillink-app","timestamp":"2025-05-25T10:43:04.947Z"}
{"level":"info","message":"Global middleware: User 6831abc04aa0208fbaae083c authenticated via token","service":"soillink-app","timestamp":"2025-05-25T10:43:04.968Z"}
{"level":"info","message":"Global middleware: User 6831abc04aa0208fbaae083c authenticated via token","service":"soillink-app","timestamp":"2025-05-25T10:43:04.973Z"}
{"level":"info","message":"Global middleware: User 6831abc04aa0208fbaae083c authenticated via token","service":"soillink-app","timestamp":"2025-05-25T10:43:05.199Z"}
{"level":"info","message":"Global middleware: User 6831abc04aa0208fbaae083c authenticated via token","service":"soillink-app","timestamp":"2025-05-25T10:43:05.216Z"}
{"level":"info","message":"Global middleware: User 6831abc04aa0208fbaae083c authenticated via token","service":"soillink-app","timestamp":"2025-05-25T10:43:05.524Z"}
{"level":"info","message":"Global middleware: User 6831abc04aa0208fbaae083c authenticated via token","service":"soillink-app","timestamp":"2025-05-25T10:43:05.527Z"}
{"level":"info","message":"Global middleware: User 6831abc04aa0208fbaae083c authenticated via token","service":"soillink-app","timestamp":"2025-05-25T10:43:05.532Z"}
{"level":"info","message":"Global middleware: User 6831abc04aa0208fbaae083c authenticated via token","service":"soillink-app","timestamp":"2025-05-25T10:43:05.537Z"}
{"level":"info","message":"Global middleware: User 6831abc04aa0208fbaae083c authenticated via token","service":"soillink-app","timestamp":"2025-05-25T10:43:05.541Z"}
{"level":"info","message":"Global middleware: User 6831abc04aa0208fbaae083c authenticated via token","service":"soillink-app","timestamp":"2025-05-25T10:43:05.546Z"}
{"level":"info","message":"Global middleware: User 6831abc04aa0208fbaae083c authenticated via token","service":"soillink-app","timestamp":"2025-05-25T10:43:05.568Z"}
{"level":"info","message":"Global middleware: User 6831abc04aa0208fbaae083c authenticated via token","service":"soillink-app","timestamp":"2025-05-25T10:43:05.589Z"}
{"level":"info","message":"Global middleware: User 6831abc04aa0208fbaae083c authenticated via token","service":"soillink-app","timestamp":"2025-05-25T10:43:07.349Z"}
{"level":"info","message":"Global middleware: User 6831abc04aa0208fbaae083c authenticated via token","service":"soillink-app","timestamp":"2025-05-25T10:43:45.416Z"}
{"level":"info","message":"Global middleware: User 6831abc04aa0208fbaae083c authenticated via token","service":"soillink-app","timestamp":"2025-05-25T10:43:45.420Z"}
{"level":"info","message":"Global middleware: User 6831abc04aa0208fbaae083c authenticated via token","service":"soillink-app","timestamp":"2025-05-25T10:43:45.429Z"}
{"level":"info","message":"Global middleware: User 6831abc04aa0208fbaae083c authenticated via token","service":"soillink-app","timestamp":"2025-05-25T10:43:45.486Z"}
{"level":"info","message":"Global middleware: User 6831abc04aa0208fbaae083c authenticated via token","service":"soillink-app","timestamp":"2025-05-25T10:43:45.490Z"}
{"level":"info","message":"Global middleware: User 6831abc04aa0208fbaae083c authenticated via token","service":"soillink-app","timestamp":"2025-05-25T10:43:48.036Z"}
{"level":"info","message":"Global middleware: User 6831abc04aa0208fbaae083c authenticated via token","service":"soillink-app","timestamp":"2025-05-25T10:44:12.116Z"}
{"level":"info","message":"Global middleware: User 6831abc04aa0208fbaae083c authenticated via token","service":"soillink-app","timestamp":"2025-05-25T10:44:12.139Z"}
{"level":"info","message":"Global middleware: User 6831abc04aa0208fbaae083c authenticated via token","service":"soillink-app","timestamp":"2025-05-25T10:44:12.151Z"}
{"level":"info","message":"Global middleware: User 6831abc04aa0208fbaae083c authenticated via token","service":"soillink-app","timestamp":"2025-05-25T10:44:12.195Z"}
{"level":"info","message":"Global middleware: User 6831abc04aa0208fbaae083c authenticated via token","service":"soillink-app","timestamp":"2025-05-25T10:44:12.212Z"}
{"level":"info","message":"Global middleware: User 6831abc04aa0208fbaae083c authenticated via token","service":"soillink-app","timestamp":"2025-05-25T10:44:14.438Z"}
{"level":"info","message":"Global middleware: User 6831abc04aa0208fbaae083c authenticated via token","service":"soillink-app","timestamp":"2025-05-25T10:44:30.286Z"}
{"level":"info","message":"Global middleware: User 6831abc04aa0208fbaae083c authenticated via token","service":"soillink-app","timestamp":"2025-05-25T10:44:30.387Z"}
{"level":"info","message":"Global middleware: User 6831abc04aa0208fbaae083c authenticated via token","service":"soillink-app","timestamp":"2025-05-25T10:44:30.394Z"}
{"level":"info","message":"Global middleware: User 6831abc04aa0208fbaae083c authenticated via token","service":"soillink-app","timestamp":"2025-05-25T10:44:30.404Z"}
{"level":"info","message":"Global middleware: User 6831abc04aa0208fbaae083c authenticated via token","service":"soillink-app","timestamp":"2025-05-25T10:44:30.409Z"}
{"level":"info","message":"Global middleware: User 6831abc04aa0208fbaae083c authenticated via token","service":"soillink-app","timestamp":"2025-05-25T10:44:30.414Z"}
{"level":"info","message":"Global middleware: User 6831abc04aa0208fbaae083c authenticated via token","service":"soillink-app","timestamp":"2025-05-25T10:44:30.423Z"}
{"level":"info","message":"Global middleware: User 6831abc04aa0208fbaae083c authenticated via token","service":"soillink-app","timestamp":"2025-05-25T10:44:30.476Z"}
{"level":"info","message":"Global middleware: User 6831abc04aa0208fbaae083c authenticated via token","service":"soillink-app","timestamp":"2025-05-25T10:44:30.485Z"}
{"level":"info","message":"Global middleware: User 6831abc04aa0208fbaae083c authenticated via token","service":"soillink-app","timestamp":"2025-05-25T10:44:30.512Z"}
{"level":"info","message":"Global middleware: User 6831abc04aa0208fbaae083c authenticated via token","service":"soillink-app","timestamp":"2025-05-25T10:44:30.515Z"}
{"level":"info","message":"Global middleware: User 6831abc04aa0208fbaae083c authenticated via token","service":"soillink-app","timestamp":"2025-05-25T10:44:30.551Z"}
{"level":"info","message":"Global middleware: User 6831abc04aa0208fbaae083c authenticated via token","service":"soillink-app","timestamp":"2025-05-25T10:44:30.559Z"}
{"level":"info","message":"Global middleware: User 6831abc04aa0208fbaae083c authenticated via token","service":"soillink-app","timestamp":"2025-05-25T10:44:30.562Z"}
{"level":"info","message":"Global middleware: User 6831abc04aa0208fbaae083c authenticated via token","service":"soillink-app","timestamp":"2025-05-25T10:44:30.565Z"}
{"level":"info","message":"Global middleware: User 6831abc04aa0208fbaae083c authenticated via token","service":"soillink-app","timestamp":"2025-05-25T10:44:30.568Z"}
{"level":"info","message":"Global middleware: User 6831abc04aa0208fbaae083c authenticated via token","service":"soillink-app","timestamp":"2025-05-25T10:44:30.960Z"}
{"level":"info","message":"Global middleware: User 6831abc04aa0208fbaae083c authenticated via token","service":"soillink-app","timestamp":"2025-05-25T10:44:31.021Z"}
{"level":"info","message":"Global middleware: User 6831abc04aa0208fbaae083c authenticated via token","service":"soillink-app","timestamp":"2025-05-25T10:44:31.091Z"}
{"level":"info","message":"Global middleware: User 6831abc04aa0208fbaae083c authenticated via token","service":"soillink-app","timestamp":"2025-05-25T10:44:31.094Z"}
{"level":"info","message":"Global middleware: User 6831abc04aa0208fbaae083c authenticated via token","service":"soillink-app","timestamp":"2025-05-25T10:44:31.097Z"}
{"level":"info","message":"Global middleware: User 6831abc04aa0208fbaae083c authenticated via token","service":"soillink-app","timestamp":"2025-05-25T10:44:31.101Z"}
{"level":"info","message":"Global middleware: User 6831abc04aa0208fbaae083c authenticated via token","service":"soillink-app","timestamp":"2025-05-25T10:44:31.103Z"}
{"level":"info","message":"Global middleware: User 6831abc04aa0208fbaae083c authenticated via token","service":"soillink-app","timestamp":"2025-05-25T10:44:31.108Z"}
{"level":"info","message":"Global middleware: User 6831abc04aa0208fbaae083c authenticated via token","service":"soillink-app","timestamp":"2025-05-25T10:44:31.113Z"}
{"level":"info","message":"Global middleware: User 6831abc04aa0208fbaae083c authenticated via token","service":"soillink-app","timestamp":"2025-05-25T10:44:31.118Z"}
{"level":"info","message":"Global middleware: User 6831abc04aa0208fbaae083c authenticated via token","service":"soillink-app","timestamp":"2025-05-25T10:44:32.748Z"}
{"level":"info","message":"Global middleware: User 6831abc04aa0208fbaae083c authenticated via token","service":"soillink-app","timestamp":"2025-05-25T10:46:36.324Z"}
{"level":"info","message":"Global middleware: User 6831abc04aa0208fbaae083c authenticated via token","service":"soillink-app","timestamp":"2025-05-25T10:46:36.428Z"}
{"level":"info","message":"Global middleware: User 6831abc04aa0208fbaae083c authenticated via token","service":"soillink-app","timestamp":"2025-05-25T10:46:36.431Z"}
{"level":"info","message":"Global middleware: User 6831abc04aa0208fbaae083c authenticated via token","service":"soillink-app","timestamp":"2025-05-25T10:46:36.435Z"}
{"level":"info","message":"Global middleware: User 6831abc04aa0208fbaae083c authenticated via token","service":"soillink-app","timestamp":"2025-05-25T10:46:36.442Z"}
{"level":"info","message":"Global middleware: User 6831abc04aa0208fbaae083c authenticated via token","service":"soillink-app","timestamp":"2025-05-25T10:46:36.446Z"}
{"level":"info","message":"Global middleware: User 6831abc04aa0208fbaae083c authenticated via token","service":"soillink-app","timestamp":"2025-05-25T10:46:36.465Z"}
{"level":"info","message":"Global middleware: User 6831abc04aa0208fbaae083c authenticated via token","service":"soillink-app","timestamp":"2025-05-25T10:46:36.517Z"}
{"level":"info","message":"Global middleware: User 6831abc04aa0208fbaae083c authenticated via token","service":"soillink-app","timestamp":"2025-05-25T10:46:36.529Z"}
{"level":"info","message":"Global middleware: User 6831abc04aa0208fbaae083c authenticated via token","service":"soillink-app","timestamp":"2025-05-25T10:46:36.554Z"}
{"level":"info","message":"Global middleware: User 6831abc04aa0208fbaae083c authenticated via token","service":"soillink-app","timestamp":"2025-05-25T10:46:36.562Z"}
{"level":"info","message":"Global middleware: User 6831abc04aa0208fbaae083c authenticated via token","service":"soillink-app","timestamp":"2025-05-25T10:46:36.586Z"}
{"level":"info","message":"Global middleware: User 6831abc04aa0208fbaae083c authenticated via token","service":"soillink-app","timestamp":"2025-05-25T10:46:36.590Z"}
{"level":"info","message":"Global middleware: User 6831abc04aa0208fbaae083c authenticated via token","service":"soillink-app","timestamp":"2025-05-25T10:46:36.619Z"}
{"level":"info","message":"Global middleware: User 6831abc04aa0208fbaae083c authenticated via token","service":"soillink-app","timestamp":"2025-05-25T10:46:36.811Z"}
{"level":"info","message":"Global middleware: User 6831abc04aa0208fbaae083c authenticated via token","service":"soillink-app","timestamp":"2025-05-25T10:46:36.888Z"}
{"level":"info","message":"Global middleware: User 6831abc04aa0208fbaae083c authenticated via token","service":"soillink-app","timestamp":"2025-05-25T10:46:37.496Z"}
{"level":"info","message":"Global middleware: User 6831abc04aa0208fbaae083c authenticated via token","service":"soillink-app","timestamp":"2025-05-25T10:46:37.501Z"}
{"level":"info","message":"Global middleware: User 6831abc04aa0208fbaae083c authenticated via token","service":"soillink-app","timestamp":"2025-05-25T10:46:37.507Z"}
{"level":"info","message":"Global middleware: User 6831abc04aa0208fbaae083c authenticated via token","service":"soillink-app","timestamp":"2025-05-25T10:46:37.513Z"}
{"level":"info","message":"Global middleware: User 6831abc04aa0208fbaae083c authenticated via token","service":"soillink-app","timestamp":"2025-05-25T10:46:37.518Z"}
{"level":"info","message":"Global middleware: User 6831abc04aa0208fbaae083c authenticated via token","service":"soillink-app","timestamp":"2025-05-25T10:46:37.527Z"}
{"level":"info","message":"Global middleware: User 6831abc04aa0208fbaae083c authenticated via token","service":"soillink-app","timestamp":"2025-05-25T10:46:37.548Z"}
{"level":"info","message":"Global middleware: User 6831abc04aa0208fbaae083c authenticated via token","service":"soillink-app","timestamp":"2025-05-25T10:46:37.568Z"}
{"level":"info","message":"Global middleware: User 6831abc04aa0208fbaae083c authenticated via token","service":"soillink-app","timestamp":"2025-05-25T10:46:39.153Z"}
{"level":"info","message":"Global middleware: User 6831abc04aa0208fbaae083c authenticated via token","service":"soillink-app","timestamp":"2025-05-25T10:48:07.149Z"}
{"level":"info","message":"Global middleware: User 6831abc04aa0208fbaae083c authenticated via token","service":"soillink-app","timestamp":"2025-05-25T10:48:11.295Z"}
{"level":"info","message":"Global middleware: User 6831abc04aa0208fbaae083c authenticated via token","service":"soillink-app","timestamp":"2025-05-25T10:48:11.451Z"}
{"level":"info","message":"Global middleware: User 6831abc04aa0208fbaae083c authenticated via token","service":"soillink-app","timestamp":"2025-05-25T10:48:11.472Z"}
{"level":"info","message":"Global middleware: User 6831abc04aa0208fbaae083c authenticated via token","service":"soillink-app","timestamp":"2025-05-25T10:48:11.484Z"}
{"level":"info","message":"Global middleware: User 6831abc04aa0208fbaae083c authenticated via token","service":"soillink-app","timestamp":"2025-05-25T10:48:11.492Z"}
{"level":"info","message":"Global middleware: User 6831abc04aa0208fbaae083c authenticated via token","service":"soillink-app","timestamp":"2025-05-25T10:48:11.495Z"}
{"level":"info","message":"Global middleware: User 6831abc04aa0208fbaae083c authenticated via token","service":"soillink-app","timestamp":"2025-05-25T10:48:11.498Z"}
{"level":"info","message":"Global middleware: User 6831abc04aa0208fbaae083c authenticated via token","service":"soillink-app","timestamp":"2025-05-25T10:48:11.609Z"}
{"level":"info","message":"Global middleware: User 6831abc04aa0208fbaae083c authenticated via token","service":"soillink-app","timestamp":"2025-05-25T10:48:11.618Z"}
{"level":"info","message":"Global middleware: User 6831abc04aa0208fbaae083c authenticated via token","service":"soillink-app","timestamp":"2025-05-25T10:48:11.627Z"}
{"level":"info","message":"Global middleware: User 6831abc04aa0208fbaae083c authenticated via token","service":"soillink-app","timestamp":"2025-05-25T10:48:11.632Z"}
{"level":"info","message":"Global middleware: User 6831abc04aa0208fbaae083c authenticated via token","service":"soillink-app","timestamp":"2025-05-25T10:48:11.636Z"}
{"level":"info","message":"Global middleware: User 6831abc04aa0208fbaae083c authenticated via token","service":"soillink-app","timestamp":"2025-05-25T10:48:11.642Z"}
{"level":"info","message":"Global middleware: User 6831abc04aa0208fbaae083c authenticated via token","service":"soillink-app","timestamp":"2025-05-25T10:48:11.675Z"}
{"level":"info","message":"Global middleware: User 6831abc04aa0208fbaae083c authenticated via token","service":"soillink-app","timestamp":"2025-05-25T10:48:12.221Z"}
{"level":"info","message":"Global middleware: User 6831abc04aa0208fbaae083c authenticated via token","service":"soillink-app","timestamp":"2025-05-25T10:48:12.289Z"}
{"level":"info","message":"Global middleware: User 6831abc04aa0208fbaae083c authenticated via token","service":"soillink-app","timestamp":"2025-05-25T10:48:12.775Z"}
{"level":"info","message":"Global middleware: User 6831abc04aa0208fbaae083c authenticated via token","service":"soillink-app","timestamp":"2025-05-25T10:48:12.783Z"}
{"level":"info","message":"Global middleware: User 6831abc04aa0208fbaae083c authenticated via token","service":"soillink-app","timestamp":"2025-05-25T10:48:12.794Z"}
{"level":"info","message":"Global middleware: User 6831abc04aa0208fbaae083c authenticated via token","service":"soillink-app","timestamp":"2025-05-25T10:48:12.809Z"}
{"level":"info","message":"Global middleware: User 6831abc04aa0208fbaae083c authenticated via token","service":"soillink-app","timestamp":"2025-05-25T10:48:12.837Z"}
{"level":"info","message":"Global middleware: User 6831abc04aa0208fbaae083c authenticated via token","service":"soillink-app","timestamp":"2025-05-25T10:48:12.844Z"}
{"level":"info","message":"Global middleware: User 6831abc04aa0208fbaae083c authenticated via token","service":"soillink-app","timestamp":"2025-05-25T10:48:12.950Z"}
{"level":"info","message":"Global middleware: User 6831abc04aa0208fbaae083c authenticated via token","service":"soillink-app","timestamp":"2025-05-25T10:48:12.964Z"}
{"level":"info","message":"Global middleware: User 6831abc04aa0208fbaae083c authenticated via token","service":"soillink-app","timestamp":"2025-05-25T10:48:14.651Z"}
{"level":"warn","message":"MongoDB disconnected","service":"soillink-app","timestamp":"2025-05-25T10:48:24.603Z"}
